# JRE version: OpenJDK Runtime Environment (15.0+36) (build 15+36-1562)
# Java VM: OpenJDK 64-Bit Server VM (15+36-1562, mixed mode, tiered, compressed oops, g1 gc, windows-amd64)
GC Precious Log:
 CPUs: 16 total, 16 available
 Memory: 16312M
 Large Page Support: Disabled
 NUMA Support: Disabled
 Compressed Oops: Enabled (Zero based)
 Heap Region Size: 2M
 Heap Min Capacity: 8M
 Heap Initial Capacity: 256M
 Heap Max Capacity: 4080M
 Pre-touch: Disabled
 Parallel Workers: 13
 Concurrent Workers: 3
 Concurrent Refinement Workers: 13
 Periodic GC: Disabled
Heap:
 garbage-first heap   total 40960K, used 12618K [0x0000000701000000, 0x0000000800000000)
  region size 2048K, 5 young (10240K), 2 survivors (4096K)
 Metaspace       used 21636K, capacity 21966K, committed 22144K, reserved 1069056K
  class space    used 2598K, capacity 2664K, committed 2688K, reserved 1048576K
GC Heap History (6 events):
Event: 0.564 GC heap before
{Heap before GC invocations=0 (full 0):
 garbage-first heap   total 262144K, used 22528K [0x0000000701000000, 0x0000000800000000)
  region size 2048K, 11 young (22528K), 0 survivors (0K)
 Metaspace       used 10730K, capacity 10788K, committed 11008K, reserved 1058816K
  class space    used 940K, capacity 955K, committed 1024K, reserved 1048576K
}
Event: 0.567 GC heap after
{Heap after GC invocations=1 (full 0):
 garbage-first heap   total 262144K, used 6230K [0x0000000701000000, 0x0000000800000000)
  region size 2048K, 2 young (4096K), 2 survivors (4096K)
 Metaspace       used 10730K, capacity 10788K, committed 11008K, reserved 1058816K
  class space    used 940K, capacity 955K, committed 1024K, reserved 1048576K
}
Event: 0.867 GC heap before
{Heap before GC invocations=1 (full 0):
 garbage-first heap   total 262144K, used 30806K [0x0000000701000000, 0x0000000800000000)
  region size 2048K, 14 young (28672K), 2 survivors (4096K)
 Metaspace       used 14867K, capacity 15088K, committed 15104K, reserved 1062912K
  class space    used 1459K, capacity 1529K, committed 1536K, reserved 1048576K
}
Event: 0.870 GC heap after
{Heap after GC invocations=2 (full 0):
 garbage-first heap   total 262144K, used 7062K [0x0000000701000000, 0x0000000800000000)
  region size 2048K, 1 young (2048K), 1 survivors (2048K)
 Metaspace       used 14867K, capacity 15088K, committed 15104K, reserved 1062912K
  class space    used 1459K, capacity 1529K, committed 1536K, reserved 1048576K
}
Event: 245.071 GC heap before
{Heap before GC invocations=2 (full 0):
 garbage-first heap   total 262144K, used 70550K [0x0000000701000000, 0x0000000800000000)
  region size 2048K, 33 young (67584K), 1 survivors (2048K)
 Metaspace       used 20968K, capacity 21198K, committed 21248K, reserved 1069056K
  class space    used 2494K, capacity 2536K, committed 2560K, reserved 1048576K
}
Event: 245.073 GC heap after
{Heap after GC invocations=3 (full 0):
 garbage-first heap   total 262144K, used 8522K [0x0000000701000000, 0x0000000800000000)
  region size 2048K, 2 young (4096K), 2 survivors (4096K)
 Metaspace       used 20968K, capacity 21198K, committed 21248K, reserved 1069056K
  class space    used 2494K, capacity 2536K, committed 2560K, reserved 1048576K
}

